test.obj : error LNK2005: main 已经在 a.obj 中定义
E:\VSCode\test_2023_1_2\x64\Debug\test_2023_1_2.exe : fatal error LNK1169: 找到一个或多个多重定义的符号
